2016-09-30 09:03:35,804 [Worker-3] INFO  c.g.t.t.d.PublishedGradleVersions - Gradle version information cache is out-of-date. Trying to update.
2016-09-30 09:04:52,147 [Worker-17] INFO  o.e.m.c.i.e.AbstractTransferListenerAdapter - Downloading https://repo.maven.apache.org/maven2/org/apache/maven/plugins/maven-war-plugin/2.2/maven-war-plugin-2.2.jar
2016-09-30 09:04:52,391 [Worker-17] INFO  o.e.m.c.i.e.AbstractTransferListenerAdapter - Downloaded https://repo.maven.apache.org/maven2/org/apache/maven/plugins/maven-war-plugin/2.2/maven-war-plugin-2.2.jar
2016-09-30 09:04:54,537 [Worker-17] INFO  o.e.m.c.i.l.LifecycleMappingFactory - Using org.eclipse.m2e.jdt.JarLifecycleMapping lifecycle mapping for MavenProject: be.pxl.groep7:backend_sensortag:0.0.1-SNAPSHOT @ C:\Users\Bert_\Documents\entmob2016_7\backend_sensortag\backend_sensortag\pom.xml.
2016-09-30 09:04:55,090 [Worker-17] INFO  o.e.m.j.i.AbstractJavaProjectConfigurator - Adding source folder /backend_sensortag/src/main/java
2016-09-30 09:04:55,091 [Worker-17] INFO  o.e.m.j.i.AbstractJavaProjectConfigurator - Adding resource folder /backend_sensortag/src/main/resources
2016-09-30 09:04:55,092 [Worker-17] INFO  o.e.m.j.i.AbstractJavaProjectConfigurator - Adding source folder /backend_sensortag/src/test/java
2016-09-30 09:04:55,092 [Worker-17] INFO  o.e.m.j.i.AbstractJavaProjectConfigurator - Adding resource folder /backend_sensortag/src/test/resources
2016-09-30 09:04:56,345 [Worker-11] WARN  o.e.m.c.i.embedder.EclipseLogger - Using platform encoding (Cp1252 actually) to copy filtered resources, i.e. build is platform dependent!
2016-09-30 09:04:56,354 [Worker-11] INFO  o.e.m.c.i.embedder.EclipseLogger - Copying 0 resource
2016-09-30 09:04:56,356 [Worker-11] WARN  o.e.m.c.i.embedder.EclipseLogger - Using platform encoding (Cp1252 actually) to copy filtered resources, i.e. build is platform dependent!
2016-09-30 09:04:56,362 [Worker-11] INFO  o.e.m.c.i.embedder.EclipseLogger - Copying 0 resource
2016-09-30 09:44:19,279 [Worker-27] WARN  o.e.m.c.i.embedder.EclipseLogger - Using platform encoding (Cp1252 actually) to copy filtered resources, i.e. build is platform dependent!
2016-09-30 09:44:19,289 [Worker-27] INFO  o.e.m.c.i.embedder.EclipseLogger - Copying 0 resource
2016-09-30 09:44:19,291 [Worker-27] WARN  o.e.m.c.i.embedder.EclipseLogger - Using platform encoding (Cp1252 actually) to copy filtered resources, i.e. build is platform dependent!
2016-09-30 09:44:19,299 [Worker-27] INFO  o.e.m.c.i.embedder.EclipseLogger - Copying 0 resource
2016-10-14 09:38:03,185 [Worker-2] INFO  c.g.t.t.d.PublishedGradleVersions - Gradle version information cache is up-to-date. Trying to read.
2016-10-14 13:32:48,048 [Worker-34] INFO  o.e.m.c.i.l.LifecycleMappingFactory - Using org.eclipse.m2e.jdt.JarLifecycleMapping lifecycle mapping for MavenProject: be.pxl.groep7:backend_sensortag:0.0.1-SNAPSHOT @ C:\Users\Bert_\Documents\entmob2016_7\backend_sensortag\backend_sensortag\pom.xml.
2016-10-14 13:32:48,317 [Worker-34] INFO  o.e.m.c.i.embedder.EclipseLogger - Using 'UTF-8' encoding to copy filtered resources.
2016-10-14 13:32:48,322 [Worker-34] INFO  o.e.m.c.i.embedder.EclipseLogger - Copying 0 resource
2016-10-14 13:32:48,323 [Worker-34] INFO  o.e.m.c.i.embedder.EclipseLogger - Copying 0 resource
2016-10-14 13:32:48,327 [Worker-34] INFO  o.e.m.c.i.embedder.EclipseLogger - Using 'UTF-8' encoding to copy filtered resources.
2016-10-14 13:32:48,328 [Worker-34] INFO  o.e.m.c.i.embedder.EclipseLogger - Copying 0 resource
2016-10-14 13:34:47,674 [Worker-44] INFO  o.e.m.c.i.e.AbstractTransferListenerAdapter - Downloading https://repo.maven.apache.org/maven2/org/springframework/boot/spring-boot-starter-data-jpa/1.4.1.RELEASE/spring-boot-starter-data-jpa-1.4.1.RELEASE.pom
2016-10-14 13:34:47,712 [Worker-44] INFO  o.e.m.c.i.e.AbstractTransferListenerAdapter - Downloaded https://repo.maven.apache.org/maven2/org/springframework/boot/spring-boot-starter-data-jpa/1.4.1.RELEASE/spring-boot-starter-data-jpa-1.4.1.RELEASE.pom
2016-10-14 13:34:47,836 [Worker-44] INFO  o.e.m.c.i.e.AbstractTransferListenerAdapter - Downloading https://repo.maven.apache.org/maven2/org/springframework/boot/spring-boot-starter-aop/1.4.1.RELEASE/spring-boot-starter-aop-1.4.1.RELEASE.pom
2016-10-14 13:34:47,871 [Worker-44] INFO  o.e.m.c.i.e.AbstractTransferListenerAdapter - Downloaded https://repo.maven.apache.org/maven2/org/springframework/boot/spring-boot-starter-aop/1.4.1.RELEASE/spring-boot-starter-aop-1.4.1.RELEASE.pom
2016-10-14 13:34:47,919 [Worker-44] INFO  o.e.m.c.i.e.AbstractTransferListenerAdapter - Downloading https://repo.maven.apache.org/maven2/org/aspectj/aspectjweaver/1.8.9/aspectjweaver-1.8.9.pom
2016-10-14 13:34:47,961 [Worker-44] INFO  o.e.m.c.i.e.AbstractTransferListenerAdapter - Downloaded https://repo.maven.apache.org/maven2/org/aspectj/aspectjweaver/1.8.9/aspectjweaver-1.8.9.pom
2016-10-14 13:34:48,028 [Worker-44] INFO  o.e.m.c.i.e.AbstractTransferListenerAdapter - Downloading https://repo.maven.apache.org/maven2/org/springframework/boot/spring-boot-starter-jdbc/1.4.1.RELEASE/spring-boot-starter-jdbc-1.4.1.RELEASE.pom
2016-10-14 13:34:48,061 [Worker-44] INFO  o.e.m.c.i.e.AbstractTransferListenerAdapter - Downloaded https://repo.maven.apache.org/maven2/org/springframework/boot/spring-boot-starter-jdbc/1.4.1.RELEASE/spring-boot-starter-jdbc-1.4.1.RELEASE.pom
2016-10-14 13:34:48,073 [Worker-41] INFO  o.e.m.c.i.l.LifecycleMappingFactory - Using org.eclipse.m2e.jdt.JarLifecycleMapping lifecycle mapping for MavenProject: be.pxl.groep7:backend_sensortag:0.0.1-SNAPSHOT @ C:\Users\Bert_\Documents\entmob2016_7\backend_sensortag\backend_sensortag\pom.xml.
2016-10-14 13:34:48,104 [Worker-44] INFO  o.e.m.c.i.e.AbstractTransferListenerAdapter - Downloading https://repo.maven.apache.org/maven2/org/apache/tomcat/tomcat-jdbc/8.5.5/tomcat-jdbc-8.5.5.pom
2016-10-14 13:34:48,143 [Worker-44] INFO  o.e.m.c.i.e.AbstractTransferListenerAdapter - Downloaded https://repo.maven.apache.org/maven2/org/apache/tomcat/tomcat-jdbc/8.5.5/tomcat-jdbc-8.5.5.pom
2016-10-14 13:34:48,182 [Worker-44] INFO  o.e.m.c.i.e.AbstractTransferListenerAdapter - Downloading https://repo.maven.apache.org/maven2/org/apache/tomcat/tomcat-juli/8.5.5/tomcat-juli-8.5.5.pom
2016-10-14 13:34:48,214 [Worker-44] INFO  o.e.m.c.i.e.AbstractTransferListenerAdapter - Downloaded https://repo.maven.apache.org/maven2/org/apache/tomcat/tomcat-juli/8.5.5/tomcat-juli-8.5.5.pom
2016-10-14 13:34:48,254 [Worker-44] INFO  o.e.m.c.i.e.AbstractTransferListenerAdapter - Downloading https://repo.maven.apache.org/maven2/org/springframework/spring-jdbc/4.3.3.RELEASE/spring-jdbc-4.3.3.RELEASE.pom
2016-10-14 13:34:48,288 [Worker-44] INFO  o.e.m.c.i.e.AbstractTransferListenerAdapter - Downloaded https://repo.maven.apache.org/maven2/org/springframework/spring-jdbc/4.3.3.RELEASE/spring-jdbc-4.3.3.RELEASE.pom
2016-10-14 13:34:48,307 [Worker-41] INFO  o.e.m.c.i.e.AbstractTransferListenerAdapter - Downloading https://repo.maven.apache.org/maven2/org/apache/tomcat/tomcat-juli/8.5.5/tomcat-juli-8.5.5.pom
2016-10-14 13:34:48,323 [Worker-44] INFO  o.e.m.c.i.e.AbstractTransferListenerAdapter - Downloading https://repo.maven.apache.org/maven2/org/springframework/spring-tx/4.3.3.RELEASE/spring-tx-4.3.3.RELEASE.pom
2016-10-14 13:34:48,336 [Worker-41] INFO  o.e.m.c.i.e.AbstractTransferListenerAdapter - Downloaded https://repo.maven.apache.org/maven2/org/apache/tomcat/tomcat-juli/8.5.5/tomcat-juli-8.5.5.pom
2016-10-14 13:34:48,365 [Worker-44] INFO  o.e.m.c.i.e.AbstractTransferListenerAdapter - Downloaded https://repo.maven.apache.org/maven2/org/springframework/spring-tx/4.3.3.RELEASE/spring-tx-4.3.3.RELEASE.pom
2016-10-14 13:34:48,368 [Worker-41] INFO  o.e.m.c.i.e.AbstractTransferListenerAdapter - Downloading https://repo.maven.apache.org/maven2/org/springframework/spring-tx/4.3.3.RELEASE/spring-tx-4.3.3.RELEASE.pom
2016-10-14 13:34:48,393 [Worker-41] INFO  o.e.m.c.i.e.AbstractTransferListenerAdapter - Downloaded https://repo.maven.apache.org/maven2/org/springframework/spring-tx/4.3.3.RELEASE/spring-tx-4.3.3.RELEASE.pom
2016-10-14 13:34:48,404 [Worker-44] INFO  o.e.m.c.i.e.AbstractTransferListenerAdapter - Downloading https://repo.maven.apache.org/maven2/org/hibernate/hibernate-core/5.0.11.Final/hibernate-core-5.0.11.Final.pom
2016-10-14 13:34:48,432 [Worker-41] INFO  o.e.m.c.i.e.AbstractTransferListenerAdapter - Downloading https://repo.maven.apache.org/maven2/org/hibernate/hibernate-core/5.0.11.Final/hibernate-core-5.0.11.Final.pom
2016-10-14 13:34:48,444 [Worker-44] INFO  o.e.m.c.i.e.AbstractTransferListenerAdapter - Downloaded https://repo.maven.apache.org/maven2/org/hibernate/hibernate-core/5.0.11.Final/hibernate-core-5.0.11.Final.pom
2016-10-14 13:34:48,462 [Worker-41] INFO  o.e.m.c.i.e.AbstractTransferListenerAdapter - Downloaded https://repo.maven.apache.org/maven2/org/hibernate/hibernate-core/5.0.11.Final/hibernate-core-5.0.11.Final.pom
2016-10-14 13:34:48,482 [Worker-44] INFO  o.e.m.c.i.e.AbstractTransferListenerAdapter - Downloading https://repo.maven.apache.org/maven2/org/hibernate/javax/persistence/hibernate-jpa-2.1-api/1.0.0.Final/hibernate-jpa-2.1-api-1.0.0.Final.pom
2016-10-14 13:34:48,521 [Worker-44] INFO  o.e.m.c.i.e.AbstractTransferListenerAdapter - Downloaded https://repo.maven.apache.org/maven2/org/hibernate/javax/persistence/hibernate-jpa-2.1-api/1.0.0.Final/hibernate-jpa-2.1-api-1.0.0.Final.pom
2016-10-14 13:34:48,550 [Worker-44] INFO  o.e.m.c.i.e.AbstractTransferListenerAdapter - Downloading https://repo.maven.apache.org/maven2/org/javassist/javassist/3.20.0-GA/javassist-3.20.0-GA.pom
2016-10-14 13:34:48,588 [Worker-44] INFO  o.e.m.c.i.e.AbstractTransferListenerAdapter - Downloaded https://repo.maven.apache.org/maven2/org/javassist/javassist/3.20.0-GA/javassist-3.20.0-GA.pom
2016-10-14 13:34:48,614 [Worker-44] INFO  o.e.m.c.i.e.AbstractTransferListenerAdapter - Downloading https://repo.maven.apache.org/maven2/antlr/antlr/2.7.7/antlr-2.7.7.pom
2016-10-14 13:34:48,644 [Worker-44] INFO  o.e.m.c.i.e.AbstractTransferListenerAdapter - Downloaded https://repo.maven.apache.org/maven2/antlr/antlr/2.7.7/antlr-2.7.7.pom
2016-10-14 13:34:48,671 [Worker-44] INFO  o.e.m.c.i.e.AbstractTransferListenerAdapter - Downloading https://repo.maven.apache.org/maven2/org/jboss/jandex/2.0.0.Final/jandex-2.0.0.Final.pom
2016-10-14 13:34:48,701 [Worker-44] INFO  o.e.m.c.i.e.AbstractTransferListenerAdapter - Downloaded https://repo.maven.apache.org/maven2/org/jboss/jandex/2.0.0.Final/jandex-2.0.0.Final.pom
2016-10-14 13:34:48,734 [Worker-44] INFO  o.e.m.c.i.e.AbstractTransferListenerAdapter - Downloading https://repo.maven.apache.org/maven2/org/jboss/jboss-parent/12/jboss-parent-12.pom
2016-10-14 13:34:48,749 [Worker-41] INFO  o.e.m.c.i.e.AbstractTransferListenerAdapter - Downloaded http://repo.spring.io/ext-release-local/org/hibernate/hibernate-core/5.0.11.Final/hibernate-core-5.0.11.Final.pom
2016-10-14 13:34:48,817 [Worker-44] INFO  o.e.m.c.i.e.AbstractTransferListenerAdapter - Downloaded https://repo.maven.apache.org/maven2/org/jboss/jboss-parent/12/jboss-parent-12.pom
2016-10-14 13:34:48,851 [Worker-44] INFO  o.e.m.c.i.e.AbstractTransferListenerAdapter - Downloading https://repo.maven.apache.org/maven2/dom4j/dom4j/1.6.1/dom4j-1.6.1.pom
2016-10-14 13:34:48,881 [Worker-44] INFO  o.e.m.c.i.e.AbstractTransferListenerAdapter - Downloaded https://repo.maven.apache.org/maven2/dom4j/dom4j/1.6.1/dom4j-1.6.1.pom
2016-10-14 13:34:48,909 [Worker-44] INFO  o.e.m.c.i.e.AbstractTransferListenerAdapter - Downloading https://repo.maven.apache.org/maven2/xml-apis/xml-apis/1.4.01/xml-apis-1.4.01.pom
2016-10-14 13:34:48,942 [Worker-44] INFO  o.e.m.c.i.e.AbstractTransferListenerAdapter - Downloaded https://repo.maven.apache.org/maven2/xml-apis/xml-apis/1.4.01/xml-apis-1.4.01.pom
2016-10-14 13:34:49,002 [Worker-41] INFO  o.e.m.c.i.e.AbstractTransferListenerAdapter - Downloaded http://repo.spring.io/milestone/org/hibernate/hibernate-core/5.0.11.Final/hibernate-core-5.0.11.Final.pom
2016-10-14 13:34:49,024 [Worker-44] INFO  o.e.m.c.i.e.AbstractTransferListenerAdapter - Downloading https://repo.maven.apache.org/maven2/org/hibernate/common/hibernate-commons-annotations/5.0.1.Final/hibernate-commons-annotations-5.0.1.Final.pom
2016-10-14 13:34:49,051 [Worker-44] INFO  o.e.m.c.i.e.AbstractTransferListenerAdapter - Downloaded https://repo.maven.apache.org/maven2/org/hibernate/common/hibernate-commons-annotations/5.0.1.Final/hibernate-commons-annotations-5.0.1.Final.pom
2016-10-14 13:34:49,077 [Worker-44] INFO  o.e.m.c.i.e.AbstractTransferListenerAdapter - Downloading https://repo.maven.apache.org/maven2/org/hibernate/hibernate-entitymanager/5.0.11.Final/hibernate-entitymanager-5.0.11.Final.pom
2016-10-14 13:34:49,109 [Worker-44] INFO  o.e.m.c.i.e.AbstractTransferListenerAdapter - Downloaded https://repo.maven.apache.org/maven2/org/hibernate/hibernate-entitymanager/5.0.11.Final/hibernate-entitymanager-5.0.11.Final.pom
2016-10-14 13:34:49,136 [Worker-44] INFO  o.e.m.c.i.e.AbstractTransferListenerAdapter - Downloading https://repo.maven.apache.org/maven2/javax/transaction/javax.transaction-api/1.2/javax.transaction-api-1.2.pom
2016-10-14 13:34:49,171 [Worker-44] INFO  o.e.m.c.i.e.AbstractTransferListenerAdapter - Downloaded https://repo.maven.apache.org/maven2/javax/transaction/javax.transaction-api/1.2/javax.transaction-api-1.2.pom
2016-10-14 13:34:49,206 [Worker-44] INFO  o.e.m.c.i.e.AbstractTransferListenerAdapter - Downloading https://repo.maven.apache.org/maven2/net/java/jvnet-parent/3/jvnet-parent-3.pom
2016-10-14 13:34:49,235 [Worker-44] INFO  o.e.m.c.i.e.AbstractTransferListenerAdapter - Downloaded https://repo.maven.apache.org/maven2/net/java/jvnet-parent/3/jvnet-parent-3.pom
2016-10-14 13:34:49,239 [Worker-41] INFO  o.e.m.c.i.e.AbstractTransferListenerAdapter - Downloaded http://repo.spring.io/snapshot/org/hibernate/hibernate-core/5.0.11.Final/hibernate-core-5.0.11.Final.pom
2016-10-14 13:34:49,264 [Worker-44] INFO  o.e.m.c.i.e.AbstractTransferListenerAdapter - Downloading https://repo.maven.apache.org/maven2/org/springframework/data/spring-data-jpa/1.10.3.RELEASE/spring-data-jpa-1.10.3.RELEASE.pom
2016-10-14 13:34:49,287 [Worker-41] INFO  o.e.m.c.i.e.AbstractTransferListenerAdapter - Downloading https://repo.maven.apache.org/maven2/org/springframework/data/spring-data-jpa/1.10.3.RELEASE/spring-data-jpa-1.10.3.RELEASE.pom
2016-10-14 13:34:49,326 [Worker-44] INFO  o.e.m.c.i.e.AbstractTransferListenerAdapter - Downloaded https://repo.maven.apache.org/maven2/org/springframework/data/spring-data-jpa/1.10.3.RELEASE/spring-data-jpa-1.10.3.RELEASE.pom
2016-10-14 13:34:49,332 [Worker-41] INFO  o.e.m.c.i.e.AbstractTransferListenerAdapter - Downloaded https://repo.maven.apache.org/maven2/org/springframework/data/spring-data-jpa/1.10.3.RELEASE/spring-data-jpa-1.10.3.RELEASE.pom
2016-10-14 13:34:49,354 [Worker-44] INFO  o.e.m.c.i.e.AbstractTransferListenerAdapter - Downloading https://repo.maven.apache.org/maven2/org/springframework/data/build/spring-data-parent/1.8.3.RELEASE/spring-data-parent-1.8.3.RELEASE.pom
2016-10-14 13:34:49,389 [Worker-44] INFO  o.e.m.c.i.e.AbstractTransferListenerAdapter - Downloaded https://repo.maven.apache.org/maven2/org/springframework/data/build/spring-data-parent/1.8.3.RELEASE/spring-data-parent-1.8.3.RELEASE.pom
2016-10-14 13:34:49,420 [Worker-44] INFO  o.e.m.c.i.e.AbstractTransferListenerAdapter - Downloading https://repo.maven.apache.org/maven2/org/springframework/spring-framework-bom/4.2.8.RELEASE/spring-framework-bom-4.2.8.RELEASE.pom
2016-10-14 13:34:49,449 [Worker-44] INFO  o.e.m.c.i.e.AbstractTransferListenerAdapter - Downloaded https://repo.maven.apache.org/maven2/org/springframework/spring-framework-bom/4.2.8.RELEASE/spring-framework-bom-4.2.8.RELEASE.pom
2016-10-14 13:34:49,477 [Worker-44] INFO  o.e.m.c.i.e.AbstractTransferListenerAdapter - Downloading https://repo.maven.apache.org/maven2/org/springframework/data/spring-data-commons/1.12.3.RELEASE/spring-data-commons-1.12.3.RELEASE.pom
2016-10-14 13:34:49,503 [Worker-44] INFO  o.e.m.c.i.e.AbstractTransferListenerAdapter - Downloaded https://repo.maven.apache.org/maven2/org/springframework/data/spring-data-commons/1.12.3.RELEASE/spring-data-commons-1.12.3.RELEASE.pom
2016-10-14 13:34:49,535 [Worker-44] INFO  o.e.m.c.i.e.AbstractTransferListenerAdapter - Downloading https://repo.maven.apache.org/maven2/org/springframework/spring-orm/4.3.3.RELEASE/spring-orm-4.3.3.RELEASE.pom
2016-10-14 13:34:49,561 [Worker-44] INFO  o.e.m.c.i.e.AbstractTransferListenerAdapter - Downloaded https://repo.maven.apache.org/maven2/org/springframework/spring-orm/4.3.3.RELEASE/spring-orm-4.3.3.RELEASE.pom
2016-10-14 13:34:49,566 [Worker-41] INFO  o.e.m.c.i.e.AbstractTransferListenerAdapter - Downloaded http://repo.spring.io/ext-release-local/org/springframework/data/spring-data-jpa/1.10.3.RELEASE/spring-data-jpa-1.10.3.RELEASE.pom
2016-10-14 13:34:49,591 [Worker-44] INFO  o.e.m.c.i.e.AbstractTransferListenerAdapter - Downloading https://repo.maven.apache.org/maven2/org/springframework/spring-aspects/4.3.3.RELEASE/spring-aspects-4.3.3.RELEASE.pom
2016-10-14 13:34:49,620 [Worker-44] INFO  o.e.m.c.i.e.AbstractTransferListenerAdapter - Downloaded https://repo.maven.apache.org/maven2/org/springframework/spring-aspects/4.3.3.RELEASE/spring-aspects-4.3.3.RELEASE.pom
2016-10-14 13:34:49,646 [Worker-44] INFO  o.e.m.c.i.e.AbstractTransferListenerAdapter - Downloading https://repo.maven.apache.org/maven2/mysql/mysql-connector-java/5.1.39/mysql-connector-java-5.1.39.pom
2016-10-14 13:34:49,673 [Worker-44] INFO  o.e.m.c.i.e.AbstractTransferListenerAdapter - Downloaded https://repo.maven.apache.org/maven2/mysql/mysql-connector-java/5.1.39/mysql-connector-java-5.1.39.pom
2016-10-14 13:34:49,730 [Worker-44] INFO  o.e.m.c.i.e.AbstractTransferListenerAdapter - Downloading https://repo.maven.apache.org/maven2/org/springframework/boot/spring-boot-starter-data-jpa/1.4.1.RELEASE/spring-boot-starter-data-jpa-1.4.1.RELEASE.jar
2016-10-14 13:34:49,771 [Worker-44] INFO  o.e.m.c.i.e.AbstractTransferListenerAdapter - Downloaded https://repo.maven.apache.org/maven2/org/springframework/boot/spring-boot-starter-data-jpa/1.4.1.RELEASE/spring-boot-starter-data-jpa-1.4.1.RELEASE.jar
2016-10-14 13:34:49,788 [Worker-44] INFO  o.e.m.c.i.e.AbstractTransferListenerAdapter - Downloading https://repo.maven.apache.org/maven2/org/springframework/boot/spring-boot-starter-aop/1.4.1.RELEASE/spring-boot-starter-aop-1.4.1.RELEASE.jar
2016-10-14 13:34:49,820 [Worker-44] INFO  o.e.m.c.i.e.AbstractTransferListenerAdapter - Downloaded https://repo.maven.apache.org/maven2/org/springframework/boot/spring-boot-starter-aop/1.4.1.RELEASE/spring-boot-starter-aop-1.4.1.RELEASE.jar
2016-10-14 13:34:49,821 [Worker-41] INFO  o.e.m.c.i.e.AbstractTransferListenerAdapter - Downloaded http://repo.spring.io/milestone/org/springframework/data/spring-data-jpa/1.10.3.RELEASE/spring-data-jpa-1.10.3.RELEASE.pom
2016-10-14 13:34:49,836 [Worker-44] INFO  o.e.m.c.i.e.AbstractTransferListenerAdapter - Downloading https://repo.maven.apache.org/maven2/org/aspectj/aspectjweaver/1.8.9/aspectjweaver-1.8.9.jar
2016-10-14 13:34:50,072 [Worker-41] INFO  o.e.m.c.i.e.AbstractTransferListenerAdapter - Downloaded http://repo.spring.io/snapshot/org/springframework/data/spring-data-jpa/1.10.3.RELEASE/spring-data-jpa-1.10.3.RELEASE.pom
2016-10-14 13:34:50,319 [Worker-41] INFO  o.e.m.c.i.embedder.EclipseLogger - Using 'UTF-8' encoding to copy filtered resources.
2016-10-14 13:34:50,321 [Worker-41] INFO  o.e.m.c.i.embedder.EclipseLogger - Copying 0 resource
2016-10-14 13:34:50,321 [Worker-41] INFO  o.e.m.c.i.embedder.EclipseLogger - Copying 0 resource
2016-10-14 13:34:50,324 [Worker-41] INFO  o.e.m.c.i.embedder.EclipseLogger - Using 'UTF-8' encoding to copy filtered resources.
2016-10-14 13:34:50,325 [Worker-41] INFO  o.e.m.c.i.embedder.EclipseLogger - Copying 0 resource
2016-10-14 13:34:51,211 [Worker-44] INFO  o.e.m.c.i.e.AbstractTransferListenerAdapter - Downloaded https://repo.maven.apache.org/maven2/org/aspectj/aspectjweaver/1.8.9/aspectjweaver-1.8.9.jar
2016-10-14 13:34:51,228 [Worker-44] INFO  o.e.m.c.i.e.AbstractTransferListenerAdapter - Downloading https://repo.maven.apache.org/maven2/org/springframework/boot/spring-boot-starter-jdbc/1.4.1.RELEASE/spring-boot-starter-jdbc-1.4.1.RELEASE.jar
2016-10-14 13:34:51,259 [Worker-44] INFO  o.e.m.c.i.e.AbstractTransferListenerAdapter - Downloaded https://repo.maven.apache.org/maven2/org/springframework/boot/spring-boot-starter-jdbc/1.4.1.RELEASE/spring-boot-starter-jdbc-1.4.1.RELEASE.jar
2016-10-14 13:34:51,280 [Worker-44] INFO  o.e.m.c.i.e.AbstractTransferListenerAdapter - Downloading https://repo.maven.apache.org/maven2/org/apache/tomcat/tomcat-jdbc/8.5.5/tomcat-jdbc-8.5.5.jar
2016-10-14 13:34:51,394 [Worker-44] INFO  o.e.m.c.i.e.AbstractTransferListenerAdapter - Downloaded https://repo.maven.apache.org/maven2/org/apache/tomcat/tomcat-jdbc/8.5.5/tomcat-jdbc-8.5.5.jar
2016-10-14 13:34:51,417 [Worker-44] INFO  o.e.m.c.i.e.AbstractTransferListenerAdapter - Downloading https://repo.maven.apache.org/maven2/org/apache/tomcat/tomcat-juli/8.5.5/tomcat-juli-8.5.5.jar
2016-10-14 13:34:51,532 [Worker-44] INFO  o.e.m.c.i.e.AbstractTransferListenerAdapter - Downloaded https://repo.maven.apache.org/maven2/org/apache/tomcat/tomcat-juli/8.5.5/tomcat-juli-8.5.5.jar
2016-10-14 13:34:51,558 [Worker-44] INFO  o.e.m.c.i.e.AbstractTransferListenerAdapter - Downloading https://repo.maven.apache.org/maven2/org/springframework/spring-jdbc/4.3.3.RELEASE/spring-jdbc-4.3.3.RELEASE.jar
2016-10-14 13:34:51,863 [Worker-44] INFO  o.e.m.c.i.e.AbstractTransferListenerAdapter - Downloaded https://repo.maven.apache.org/maven2/org/springframework/spring-jdbc/4.3.3.RELEASE/spring-jdbc-4.3.3.RELEASE.jar
2016-10-14 13:34:51,879 [Worker-44] INFO  o.e.m.c.i.e.AbstractTransferListenerAdapter - Downloading https://repo.maven.apache.org/maven2/org/hibernate/hibernate-core/5.0.11.Final/hibernate-core-5.0.11.Final.jar
2016-10-14 13:34:55,755 [Worker-44] INFO  o.e.m.c.i.e.AbstractTransferListenerAdapter - Downloaded https://repo.maven.apache.org/maven2/org/hibernate/hibernate-core/5.0.11.Final/hibernate-core-5.0.11.Final.jar
2016-10-14 13:34:55,779 [Worker-44] INFO  o.e.m.c.i.e.AbstractTransferListenerAdapter - Downloading https://repo.maven.apache.org/maven2/org/hibernate/javax/persistence/hibernate-jpa-2.1-api/1.0.0.Final/hibernate-jpa-2.1-api-1.0.0.Final.jar
2016-10-14 13:34:55,876 [Worker-44] INFO  o.e.m.c.i.e.AbstractTransferListenerAdapter - Downloaded https://repo.maven.apache.org/maven2/org/hibernate/javax/persistence/hibernate-jpa-2.1-api/1.0.0.Final/hibernate-jpa-2.1-api-1.0.0.Final.jar
2016-10-14 13:34:55,913 [Worker-44] INFO  o.e.m.c.i.e.AbstractTransferListenerAdapter - Downloading https://repo.maven.apache.org/maven2/org/javassist/javassist/3.20.0-GA/javassist-3.20.0-GA.jar
2016-10-14 13:34:56,469 [Worker-44] INFO  o.e.m.c.i.e.AbstractTransferListenerAdapter - Downloaded https://repo.maven.apache.org/maven2/org/javassist/javassist/3.20.0-GA/javassist-3.20.0-GA.jar
2016-10-14 13:34:56,500 [Worker-44] INFO  o.e.m.c.i.e.AbstractTransferListenerAdapter - Downloading https://repo.maven.apache.org/maven2/antlr/antlr/2.7.7/antlr-2.7.7.jar
2016-10-14 13:34:56,826 [Worker-44] INFO  o.e.m.c.i.e.AbstractTransferListenerAdapter - Downloaded https://repo.maven.apache.org/maven2/antlr/antlr/2.7.7/antlr-2.7.7.jar
2016-10-14 13:34:56,848 [Worker-44] INFO  o.e.m.c.i.e.AbstractTransferListenerAdapter - Downloading https://repo.maven.apache.org/maven2/org/jboss/jandex/2.0.0.Final/jandex-2.0.0.Final.jar
2016-10-14 13:34:56,979 [Worker-44] INFO  o.e.m.c.i.e.AbstractTransferListenerAdapter - Downloaded https://repo.maven.apache.org/maven2/org/jboss/jandex/2.0.0.Final/jandex-2.0.0.Final.jar
2016-10-14 13:34:57,009 [Worker-44] INFO  o.e.m.c.i.e.AbstractTransferListenerAdapter - Downloading https://repo.maven.apache.org/maven2/dom4j/dom4j/1.6.1/dom4j-1.6.1.jar
2016-10-14 13:34:57,233 [Worker-44] INFO  o.e.m.c.i.e.AbstractTransferListenerAdapter - Downloaded https://repo.maven.apache.org/maven2/dom4j/dom4j/1.6.1/dom4j-1.6.1.jar
2016-10-14 13:34:57,258 [Worker-44] INFO  o.e.m.c.i.e.AbstractTransferListenerAdapter - Downloading https://repo.maven.apache.org/maven2/xml-apis/xml-apis/1.4.01/xml-apis-1.4.01.jar
2016-10-14 13:34:57,423 [Worker-44] INFO  o.e.m.c.i.e.AbstractTransferListenerAdapter - Downloaded https://repo.maven.apache.org/maven2/xml-apis/xml-apis/1.4.01/xml-apis-1.4.01.jar
2016-10-14 13:34:57,447 [Worker-44] INFO  o.e.m.c.i.e.AbstractTransferListenerAdapter - Downloading https://repo.maven.apache.org/maven2/org/hibernate/common/hibernate-commons-annotations/5.0.1.Final/hibernate-commons-annotations-5.0.1.Final.jar
2016-10-14 13:34:57,514 [Worker-44] INFO  o.e.m.c.i.e.AbstractTransferListenerAdapter - Downloaded https://repo.maven.apache.org/maven2/org/hibernate/common/hibernate-commons-annotations/5.0.1.Final/hibernate-commons-annotations-5.0.1.Final.jar
2016-10-14 13:34:57,543 [Worker-44] INFO  o.e.m.c.i.e.AbstractTransferListenerAdapter - Downloading https://repo.maven.apache.org/maven2/org/hibernate/hibernate-entitymanager/5.0.11.Final/hibernate-entitymanager-5.0.11.Final.jar
2016-10-14 13:34:58,039 [Worker-44] INFO  o.e.m.c.i.e.AbstractTransferListenerAdapter - Downloaded https://repo.maven.apache.org/maven2/org/hibernate/hibernate-entitymanager/5.0.11.Final/hibernate-entitymanager-5.0.11.Final.jar
2016-10-14 13:34:58,064 [Worker-44] INFO  o.e.m.c.i.e.AbstractTransferListenerAdapter - Downloading https://repo.maven.apache.org/maven2/javax/transaction/javax.transaction-api/1.2/javax.transaction-api-1.2.jar
2016-10-14 13:34:58,157 [Worker-44] INFO  o.e.m.c.i.e.AbstractTransferListenerAdapter - Downloaded https://repo.maven.apache.org/maven2/javax/transaction/javax.transaction-api/1.2/javax.transaction-api-1.2.jar
2016-10-14 13:34:58,187 [Worker-44] INFO  o.e.m.c.i.e.AbstractTransferListenerAdapter - Downloading https://repo.maven.apache.org/maven2/org/springframework/data/spring-data-jpa/1.10.3.RELEASE/spring-data-jpa-1.10.3.RELEASE.jar
2016-10-14 13:34:58,373 [Worker-44] INFO  o.e.m.c.i.e.AbstractTransferListenerAdapter - Downloaded https://repo.maven.apache.org/maven2/org/springframework/data/spring-data-jpa/1.10.3.RELEASE/spring-data-jpa-1.10.3.RELEASE.jar
2016-10-14 13:34:58,401 [Worker-44] INFO  o.e.m.c.i.e.AbstractTransferListenerAdapter - Downloading https://repo.maven.apache.org/maven2/org/springframework/data/spring-data-commons/1.12.3.RELEASE/spring-data-commons-1.12.3.RELEASE.jar
2016-10-14 13:34:58,874 [Worker-44] INFO  o.e.m.c.i.e.AbstractTransferListenerAdapter - Downloaded https://repo.maven.apache.org/maven2/org/springframework/data/spring-data-commons/1.12.3.RELEASE/spring-data-commons-1.12.3.RELEASE.jar
2016-10-14 13:34:58,897 [Worker-44] INFO  o.e.m.c.i.e.AbstractTransferListenerAdapter - Downloading https://repo.maven.apache.org/maven2/org/springframework/spring-orm/4.3.3.RELEASE/spring-orm-4.3.3.RELEASE.jar
2016-10-14 13:34:59,238 [Worker-44] INFO  o.e.m.c.i.e.AbstractTransferListenerAdapter - Downloaded https://repo.maven.apache.org/maven2/org/springframework/spring-orm/4.3.3.RELEASE/spring-orm-4.3.3.RELEASE.jar
2016-10-14 13:34:59,263 [Worker-44] INFO  o.e.m.c.i.e.AbstractTransferListenerAdapter - Downloading https://repo.maven.apache.org/maven2/org/springframework/spring-tx/4.3.3.RELEASE/spring-tx-4.3.3.RELEASE.jar
2016-10-14 13:34:59,439 [Worker-44] INFO  o.e.m.c.i.e.AbstractTransferListenerAdapter - Downloaded https://repo.maven.apache.org/maven2/org/springframework/spring-tx/4.3.3.RELEASE/spring-tx-4.3.3.RELEASE.jar
2016-10-14 13:34:59,466 [Worker-44] INFO  o.e.m.c.i.e.AbstractTransferListenerAdapter - Downloading https://repo.maven.apache.org/maven2/org/springframework/spring-aspects/4.3.3.RELEASE/spring-aspects-4.3.3.RELEASE.jar
2016-10-14 13:34:59,516 [Worker-44] INFO  o.e.m.c.i.e.AbstractTransferListenerAdapter - Downloaded https://repo.maven.apache.org/maven2/org/springframework/spring-aspects/4.3.3.RELEASE/spring-aspects-4.3.3.RELEASE.jar
2016-10-14 13:34:59,544 [Worker-44] INFO  o.e.m.c.i.e.AbstractTransferListenerAdapter - Downloading https://repo.maven.apache.org/maven2/mysql/mysql-connector-java/5.1.39/mysql-connector-java-5.1.39.jar
2016-10-14 13:35:00,182 [Worker-44] INFO  o.e.m.c.i.e.AbstractTransferListenerAdapter - Downloaded https://repo.maven.apache.org/maven2/mysql/mysql-connector-java/5.1.39/mysql-connector-java-5.1.39.jar
2016-10-14 13:35:49,610 [Worker-35] INFO  o.e.m.c.i.p.ProjectConfigurationManager - Update started
2016-10-14 13:35:50,090 [Worker-35] INFO  o.e.m.c.i.l.LifecycleMappingFactory - Using org.eclipse.m2e.jdt.JarLifecycleMapping lifecycle mapping for MavenProject: be.pxl.groep7:backend_sensortag:0.0.1-SNAPSHOT @ C:\Users\Bert_\Documents\entmob2016_7\backend_sensortag\backend_sensortag\pom.xml.
2016-10-14 13:35:50,503 [Worker-35] INFO  o.e.m.j.i.AbstractJavaProjectConfigurator - Adding source folder /backend_sensortag/src/main/java
2016-10-14 13:35:50,509 [Worker-35] INFO  o.e.m.j.i.AbstractJavaProjectConfigurator - Adding resource folder /backend_sensortag/src/main/resources
2016-10-14 13:35:50,523 [Worker-35] INFO  o.e.m.j.i.AbstractJavaProjectConfigurator - Adding resource folder /backend_sensortag/src/main/resources
2016-10-14 13:35:50,534 [Worker-35] INFO  o.e.m.j.i.AbstractJavaProjectConfigurator - Adding source folder /backend_sensortag/src/test/java
2016-10-14 13:35:50,534 [Worker-35] INFO  o.e.m.j.i.AbstractJavaProjectConfigurator - Adding resource folder /backend_sensortag/src/test/resources
2016-10-14 13:35:50,785 [Worker-35] INFO  o.e.m.c.i.p.ProjectConfigurationManager - Update completed: 1 sec
2016-10-14 13:35:51,105 [Worker-35] INFO  o.e.m.c.i.embedder.EclipseLogger - Using 'UTF-8' encoding to copy filtered resources.
2016-10-14 13:35:51,110 [Worker-35] INFO  o.e.m.c.i.embedder.EclipseLogger - Copying 0 resource
2016-10-14 13:35:51,111 [Worker-35] INFO  o.e.m.c.i.embedder.EclipseLogger - Copying 0 resource
2016-10-14 13:35:51,113 [Worker-35] INFO  o.e.m.c.i.embedder.EclipseLogger - Using 'UTF-8' encoding to copy filtered resources.
2016-10-14 13:35:51,114 [Worker-35] INFO  o.e.m.c.i.embedder.EclipseLogger - Copying 0 resource
2016-10-14 13:36:00,382 [Worker-41] INFO  o.e.m.c.i.l.LifecycleMappingFactory - Using org.eclipse.m2e.jdt.JarLifecycleMapping lifecycle mapping for MavenProject: be.pxl.groep7:backend_sensortag:0.0.1-SNAPSHOT @ C:\Users\Bert_\Documents\entmob2016_7\backend_sensortag\backend_sensortag\pom.xml.
2016-10-14 13:36:00,606 [Worker-41] INFO  o.e.m.c.i.embedder.EclipseLogger - Using 'UTF-8' encoding to copy filtered resources.
2016-10-14 13:36:00,608 [Worker-41] INFO  o.e.m.c.i.embedder.EclipseLogger - Copying 0 resource
2016-10-14 13:36:00,608 [Worker-41] INFO  o.e.m.c.i.embedder.EclipseLogger - Copying 0 resource
2016-10-14 13:36:00,614 [Worker-41] INFO  o.e.m.c.i.embedder.EclipseLogger - Using 'UTF-8' encoding to copy filtered resources.
2016-10-14 13:36:00,614 [Worker-41] INFO  o.e.m.c.i.embedder.EclipseLogger - Copying 0 resource
2016-10-14 13:36:06,396 [Worker-44] INFO  o.e.m.c.i.p.ProjectConfigurationManager - Update started
2016-10-14 13:36:06,751 [Worker-44] INFO  o.e.m.c.i.l.LifecycleMappingFactory - Using org.eclipse.m2e.jdt.JarLifecycleMapping lifecycle mapping for MavenProject: be.pxl.groep7:backend_sensortag:0.0.1-SNAPSHOT @ C:\Users\Bert_\Documents\entmob2016_7\backend_sensortag\backend_sensortag\pom.xml.
2016-10-14 13:36:06,949 [Worker-44] INFO  o.e.m.j.i.AbstractJavaProjectConfigurator - Adding source folder /backend_sensortag/src/main/java
2016-10-14 13:36:06,954 [Worker-44] INFO  o.e.m.j.i.AbstractJavaProjectConfigurator - Adding resource folder /backend_sensortag/src/main/resources
2016-10-14 13:36:06,959 [Worker-44] INFO  o.e.m.j.i.AbstractJavaProjectConfigurator - Adding resource folder /backend_sensortag/src/main/resources
2016-10-14 13:36:06,959 [Worker-44] INFO  o.e.m.j.i.AbstractJavaProjectConfigurator - Adding source folder /backend_sensortag/src/test/java
2016-10-14 13:36:06,964 [Worker-44] INFO  o.e.m.j.i.AbstractJavaProjectConfigurator - Adding resource folder /backend_sensortag/src/test/resources
2016-10-14 13:36:07,056 [Worker-44] INFO  o.e.m.c.i.p.ProjectConfigurationManager - Update completed: 0 sec
2016-10-14 13:36:07,345 [Worker-34] INFO  o.e.m.c.i.embedder.EclipseLogger - Using 'UTF-8' encoding to copy filtered resources.
2016-10-14 13:36:07,346 [Worker-34] INFO  o.e.m.c.i.embedder.EclipseLogger - Copying 0 resource
2016-10-14 13:36:07,353 [Worker-34] INFO  o.e.m.c.i.embedder.EclipseLogger - Copying 0 resource
2016-10-14 13:36:07,356 [Worker-34] INFO  o.e.m.c.i.embedder.EclipseLogger - Using 'UTF-8' encoding to copy filtered resources.
2016-10-14 13:36:07,357 [Worker-34] INFO  o.e.m.c.i.embedder.EclipseLogger - Copying 0 resource
2016-10-14 13:38:39,499 [Worker-43] INFO  o.e.m.c.i.l.LifecycleMappingFactory - Using org.eclipse.m2e.jdt.JarLifecycleMapping lifecycle mapping for MavenProject: be.pxl.groep7:backend_sensortag:0.0.1-SNAPSHOT @ C:\Users\Bert_\Documents\entmob2016_7\backend_sensortag\backend_sensortag\pom.xml.
2016-10-14 13:38:39,726 [Worker-43] INFO  o.e.m.c.i.e.AbstractTransferListenerAdapter - Downloading https://repo.maven.apache.org/maven2/mysql/mysql-connector-java/5.1.6/mysql-connector-java-5.1.6.pom
2016-10-14 13:38:39,759 [Worker-43] INFO  o.e.m.c.i.e.AbstractTransferListenerAdapter - Downloaded https://repo.maven.apache.org/maven2/mysql/mysql-connector-java/5.1.6/mysql-connector-java-5.1.6.pom
2016-10-14 13:38:39,811 [Worker-43] INFO  o.e.m.c.i.e.AbstractTransferListenerAdapter - Downloading https://repo.maven.apache.org/maven2/mysql/mysql-connector-java/5.1.6/mysql-connector-java-5.1.6.jar
2016-10-14 13:38:40,344 [Worker-43] INFO  o.e.m.c.i.e.AbstractTransferListenerAdapter - Downloaded https://repo.maven.apache.org/maven2/mysql/mysql-connector-java/5.1.6/mysql-connector-java-5.1.6.jar
2016-10-14 13:38:40,562 [Worker-43] INFO  o.e.m.c.i.embedder.EclipseLogger - Using 'UTF-8' encoding to copy filtered resources.
2016-10-14 13:38:40,564 [Worker-43] INFO  o.e.m.c.i.embedder.EclipseLogger - Copying 0 resource
2016-10-14 13:38:40,568 [Worker-43] INFO  o.e.m.c.i.embedder.EclipseLogger - Copying 0 resource
2016-10-14 13:38:40,570 [Worker-43] INFO  o.e.m.c.i.embedder.EclipseLogger - Using 'UTF-8' encoding to copy filtered resources.
2016-10-14 13:38:40,574 [Worker-43] INFO  o.e.m.c.i.embedder.EclipseLogger - Copying 0 resource
2016-10-14 13:38:55,461 [Worker-38] INFO  o.e.m.c.i.p.ProjectConfigurationManager - Update started
2016-10-14 13:38:55,800 [Worker-38] INFO  o.e.m.c.i.l.LifecycleMappingFactory - Using org.eclipse.m2e.jdt.JarLifecycleMapping lifecycle mapping for MavenProject: be.pxl.groep7:backend_sensortag:0.0.1-SNAPSHOT @ C:\Users\Bert_\Documents\entmob2016_7\backend_sensortag\backend_sensortag\pom.xml.
2016-10-14 13:38:56,054 [Worker-38] INFO  o.e.m.j.i.AbstractJavaProjectConfigurator - Adding source folder /backend_sensortag/src/main/java
2016-10-14 13:38:56,060 [Worker-38] INFO  o.e.m.j.i.AbstractJavaProjectConfigurator - Adding resource folder /backend_sensortag/src/main/resources
2016-10-14 13:38:56,066 [Worker-38] INFO  o.e.m.j.i.AbstractJavaProjectConfigurator - Adding resource folder /backend_sensortag/src/main/resources
2016-10-14 13:38:56,070 [Worker-38] INFO  o.e.m.j.i.AbstractJavaProjectConfigurator - Adding source folder /backend_sensortag/src/test/java
2016-10-14 13:38:56,071 [Worker-38] INFO  o.e.m.j.i.AbstractJavaProjectConfigurator - Adding resource folder /backend_sensortag/src/test/resources
2016-10-14 13:38:56,191 [Worker-38] INFO  o.e.m.c.i.p.ProjectConfigurationManager - Update completed: 0 sec
2016-10-14 13:38:56,475 [Worker-35] INFO  o.e.m.c.i.embedder.EclipseLogger - Using 'UTF-8' encoding to copy filtered resources.
2016-10-14 13:38:56,475 [Worker-35] INFO  o.e.m.c.i.embedder.EclipseLogger - Copying 0 resource
2016-10-14 13:38:56,476 [Worker-35] INFO  o.e.m.c.i.embedder.EclipseLogger - Copying 0 resource
2016-10-14 13:38:56,478 [Worker-35] INFO  o.e.m.c.i.embedder.EclipseLogger - Using 'UTF-8' encoding to copy filtered resources.
2016-10-14 13:38:56,479 [Worker-35] INFO  o.e.m.c.i.embedder.EclipseLogger - Copying 0 resource
2016-10-14 13:42:14,317 [Worker-38] INFO  o.e.m.c.i.embedder.EclipseLogger - Using 'UTF-8' encoding to copy filtered resources.
2016-10-14 13:42:14,319 [Worker-38] INFO  o.e.m.c.i.embedder.EclipseLogger - Copying 1 resource
2016-10-14 13:42:14,333 [Worker-38] INFO  o.e.m.c.i.embedder.EclipseLogger - Copying 0 resource
2016-10-14 13:42:14,335 [Worker-38] INFO  o.e.m.c.i.embedder.EclipseLogger - Using 'UTF-8' encoding to copy filtered resources.
2016-10-14 13:42:14,340 [Worker-38] INFO  o.e.m.c.i.embedder.EclipseLogger - Copying 0 resource
2016-10-14 13:45:07,233 [Worker-38] INFO  o.e.m.c.i.embedder.EclipseLogger - Using 'UTF-8' encoding to copy filtered resources.
2016-10-14 13:45:07,238 [Worker-38] INFO  o.e.m.c.i.embedder.EclipseLogger - Copying 1 resource
2016-10-14 13:45:07,242 [Worker-38] INFO  o.e.m.c.i.embedder.EclipseLogger - Copying 0 resource
2016-10-14 13:45:07,247 [Worker-38] INFO  o.e.m.c.i.embedder.EclipseLogger - Using 'UTF-8' encoding to copy filtered resources.
2016-10-14 13:45:07,248 [Worker-38] INFO  o.e.m.c.i.embedder.EclipseLogger - Copying 0 resource
2016-10-14 13:57:00,578 [Worker-38] INFO  o.e.m.c.i.l.LifecycleMappingFactory - Using org.eclipse.m2e.jdt.JarLifecycleMapping lifecycle mapping for MavenProject: be.pxl.groep7:backend_sensortag:0.0.1-SNAPSHOT @ C:\Users\Bert_\Documents\entmob2016_7\backend_sensortag\backend_sensortag\pom.xml.
2016-10-14 13:57:00,842 [Worker-38] INFO  o.e.m.c.i.embedder.EclipseLogger - Using 'UTF-8' encoding to copy filtered resources.
2016-10-14 13:57:00,843 [Worker-38] INFO  o.e.m.c.i.embedder.EclipseLogger - Copying 0 resource
2016-10-14 13:57:00,844 [Worker-38] INFO  o.e.m.c.i.embedder.EclipseLogger - Copying 0 resource
2016-10-14 13:57:00,846 [Worker-38] INFO  o.e.m.c.i.embedder.EclipseLogger - Using 'UTF-8' encoding to copy filtered resources.
2016-10-14 13:57:00,846 [Worker-38] INFO  o.e.m.c.i.embedder.EclipseLogger - Copying 0 resource
2016-10-14 13:57:02,099 [Worker-48] INFO  o.e.m.c.i.embedder.EclipseLogger - Using 'UTF-8' encoding to copy filtered resources.
2016-10-14 13:57:02,103 [Worker-48] INFO  o.e.m.c.i.embedder.EclipseLogger - Copying 1 resource
2016-10-14 13:57:02,119 [Worker-48] INFO  o.e.m.c.i.embedder.EclipseLogger - Copying 0 resource
2016-10-14 13:57:02,121 [Worker-48] INFO  o.e.m.c.i.embedder.EclipseLogger - Using 'UTF-8' encoding to copy filtered resources.
2016-10-14 13:57:02,125 [Worker-48] INFO  o.e.m.c.i.embedder.EclipseLogger - Copying 0 resource
